<?xml version="1.0" encoding="UTF-8"?>
<!-- Generated by org.testng.reporters.JUnitXMLReporter -->
<testsuite ignored="0" hostname="LAPTOP-CQL946G0" failures="0" tests="3" name="Default test" time="38.362" errors="0" timestamp="2024-07-22T15:06:22 IST">
  <testcase classname="testng.DataProdiverDemo" name="loginOperation" time="8.154"/>
  <testcase classname="testng.DataProdiverDemo" name="loginOperation" time="7.438"/>
  <testcase classname="testng.DataProdiverDemo" name="loginOperation" time="6.823"/>
</testsuite> <!-- Default test -->
