<?xml version="1.0" encoding="UTF-8"?>
<!-- Generated by org.testng.reporters.JUnitXMLReporter -->
<testsuite ignored="0" hostname="LAPTOP-CQL946G0" failures="1" tests="3" name="loginTest" time="15.081" errors="0" timestamp="2024-07-22T14:25:57 IST">
  <testcase classname="testng.LoginTestcase" name="loginOperation" time="3.006"/>
  <testcase classname="testng.LoginTestcase" name="validateLoginByURL" time="0.211">
    <failure type="java.lang.AssertionError" message="Login Validation By URL Failed.. expected [https://opensource-demo.orangehrmlive.com/web/index.php/dashboard/index1] but found [https://opensource-demo.orangehrmlive.com/web/index.php/dashboard/index]">
      <![CDATA[java.lang.AssertionError: Login Validation By URL Failed.. expected [https://opensource-demo.orangehrmlive.com/web/index.php/dashboard/index1] but found [https://opensource-demo.orangehrmlive.com/web/index.php/dashboard/index]
at testng.LoginTestcase.validateLoginByURL(LoginTestcase.java:59)
at java.base/java.util.ArrayList.forEach(ArrayList.java:1596)
... Removed 30 stack frames]]>
    </failure>
  </testcase> <!-- validateLoginByURL -->
  <testcase classname="testng.LoginTestcase" name="validateLoginByText" time="0.003">
    <skipped/>
  </testcase> <!-- validateLoginByText -->
</testsuite> <!-- loginTest -->
